<?xml version="1.0" encoding="utf-8"?><testsuites name="pytest tests"><testsuite name="pytest" errors="0" failures="0" skipped="0" tests="7" time="1.300" timestamp="2026-03-23T17:11:05.646690+00:00" hostname="agent-env-9e2f39dc-8718-49c1-81c4-22e89b3e6267"><testcase classname="backend.tests.test_column_order_and_endpoints.TestAltegioStatus" name="test_altegio_status_returns_connected_boolean" time="0.286" /><testcase classname="backend.tests.test_column_order_and_endpoints.TestDocsAppLogic" name="test_docs_app_logic_returns_markdown" time="0.172" /><testcase classname="backend.tests.test_column_order_and_endpoints.TestSMMTasksDefinition" name="test_smm_tasks_definition_has_all_columns" time="0.156" /><testcase classname="backend.tests.test_column_order_and_endpoints.TestMonthlyTasks" name="test_monthly_tasks_have_column_assignments" time="0.170" /><testcase classname="backend.tests.test_column_order_and_endpoints.TestAPIHealth" name="test_api_root" time="0.166" /><testcase classname="backend.tests.test_column_order_and_endpoints.TestAPIHealth" name="test_events_endpoint" time="0.154" /><testcase classname="backend.tests.test_column_order_and_endpoints.TestAPIHealth" name="test_settings_endpoint" time="0.141" /></testsuite></testsuites>